2017-07-17 nodgd更新：
进度：数据类型基类、各种整数类型的类、各种浮点数类型的类。
吐槽：git还是太垃圾了，各种乱七八糟的问题。

2017-07-23 nodgd更新：
进度：各种时间戳类型的类、各种文本类型的类。
吐槽：scanf还是很强的，又学到些有趣的东西。

2017-07-24 nodgd更新：
进度：各种二进制数据类型的类。至此，基本数据类型全部完成。
吐槽：现在的这些基本数据类型的代码，竟然连一个读文件和写文件的接口都没有。
      但是问题不大，说好的先实现一个仅存在于内存中的数据库，文件是硬盘的事情，回头再说也无妨，反正也就加几(百)行。

2017-7-28 nodgd更新：
进度：改了之前工作的一堆bug，还没改完就来吐槽一下。整数、浮点数、时间戳类型，“但愿”不会再进行修改了。
吐槽：现在应该已经有了可能用到的各种功能了，如果还缺什么功能，我觉得可以用其他办法替代一下，毕竟所有的值都是可以get和set的。
      反正嘛，很烦，非常烦。就比如说时间戳类型，就几种简单的时间戳，就已经有2000+行代码了，非常弱智。
      文本和二进制串的部分还没有改。不过这两个应该会简单一些，改起来稍微容易一点。
      不过话说回来，第一阶段进度的方面，大概是不能如期完成了，不管是我负责的部分还是其他部分。
      我自己的部分，连基本的数据类型都没有搞定，更不用说数据表，写完之后还要debug，这都是非常耗时间的工作。
      如果重新让我们选任务，我一定要抢着写B+树索引，这玩意需要学习一点新东西，但是总代码长度很短啊！！！！
      反正嘛，谁爱写基础数据类型谁自己写去，我tm才懒得管这烂摊子东西。
      一会儿又是标准输入输出上出现歧义，一会儿又是文件输入输出上出现问题；一会儿要考虑表格数据为空的情况，一会儿还要考虑用户的瞎jb修改。
      现在的解决方法是无限的assert，但是最终的产品不能在运行到一半的时候自己把自己shit down对不对，这样用户会报警的，到头来还得写成throw catch的形式。
      真tm烦，明天是周六都还要上英语课，每天英语占我10+小时，写代码的时间顶多也就3个小时。
      虽然我可以在3小时里面保持最高的效率，但是即使保持最高的效率，总的工作量也不会达到某个能看的数值。
      那么问题来了：队友都在干嘛？

2017-07-29 luohy15 update:
进度: 创了个空文件夹,Parser类和Parser结果类,明天开始加一大堆SQL的statement类
吐槽: 最近确实在玩一些看起来很厉害却没有什么用的东西,所以趁着ddl到来之前抓紧开
始了

